Loaded stuff in  1.098132610321045
There are  970  batches
0 Batches done, so generating
torch.Size([1, 9]) torch.Size([1, 1]) before generation
<sos> What shape is the bench seat ?		snowboard lamb cop females saying nightstand tomato says <sos> cars move owned ship meter dusk tattoos bath pepperoni restaurant British fall meat lives miss identical
500 Batches done, so generating
torch.Size([1, 9]) torch.Size([1, 1]) before generation
<sos> What shape is the bench seat ?		stickers odd English towards subway jeep call applied have lane morning network pattern half vases staying cops Winter symbol uniform season smoke part USB longer
Aftr epoch  0  Train KL Loss:  1.1599990260527382 Train CE Loss:  7.441354364617109 Val KL Loss:  0.027341153085170395  Val CE Loss:  7.414395380953191 Time:  412.705313205719
0 Batches done, so generating
torch.Size([1, 9]) torch.Size([1, 1]) before generation
<sos> What shape is the bench seat ?		new watching old chest leaf bowling venue writing England beneath China picture red t meeting casting pan draped action name cut harness visibility highway man-made
500 Batches done, so generating
torch.Size([1, 9]) torch.Size([1, 1]) before generation
<sos> What shape is the bench seat ?		world garnish owner skyline carpet noisy tired paintings faucet barrel bus laces sport Name portrayed forget circular notes drivers ( table twin kicking rope singles
Aftr epoch  1  Train KL Loss:  0.012947342760408207 Train CE Loss:  7.414060788100583 Val KL Loss:  0.002966303781181359  Val CE Loss:  7.4133025742952166 Time:  219.31185817718506
0 Batches done, so generating
torch.Size([1, 9]) torch.Size([1, 1]) before generation
<sos> What shape is the bench seat ?		cooks feathers males baked girls tying bone slightly beginner seagulls practice grass adult wearing guards species gentleman hanging mind what utensils cow words newspaper pine
500 Batches done, so generating
torch.Size([1, 9]) torch.Size([1, 1]) before generation
<sos> What shape is the bench seat ?		sprinkled creating trunks bedding similar dessert raw fried spacious adult mounted turns product inches wall blue yellow shade tabletop cuddling tall Giraffe bacon either mannequin
Aftr epoch  2  Train KL Loss:  0.007635799636555995 Train CE Loss:  7.413275871414357 Val KL Loss:  0.0033352664459868884  Val CE Loss:  7.412895325406327 Time:  346.4472768306732
0 Batches done, so generating
torch.Size([1, 9]) torch.Size([1, 1]) before generation
<sos> What shape is the bench seat ?		wearing say involved operate think uniform down magazines switch pulling Winter giraffes single kneeling pack cutting mirrors session native privacy sponsoring bracelet wine making facility
500 Batches done, so generating
torch.Size([1, 9]) torch.Size([1, 1]) before generation
<sos> What shape is the bench seat ?		system Could intended factory level something windy potty shorts architecture include packed streets privacy batter House Has lamp greenery range printed besides St hydrant all
Aftr epoch  3  Train KL Loss:  0.00543332913263205 Train CE Loss:  7.4131961197858 Val KL Loss:  0.008940030292182946  Val CE Loss:  7.4128478489256056 Time:  315.6363220214844
0 Batches done, so generating
torch.Size([1, 9]) torch.Size([1, 1]) before generation
<sos> What shape is the bench seat ?		mans their Would horns snowman per surf less glove cruise market rolling maker protective age win with juice fall restroom men falls windmills accessories yellow
500 Batches done, so generating
torch.Size([1, 9]) torch.Size([1, 1]) before generation
<sos> What shape is the bench seat ?		better bottle toilet Do burnt placemats race They island loaded sprinkled coloring source boot crust planning focal laptop boat piece deserted represented sits stripes novice
Aftr epoch  4  Train KL Loss:  0.0036084340419140705 Train CE Loss:  7.4129840775204 Val KL Loss:  0.0025847566483808964  Val CE Loss:  7.412669519685692 Time:  343.56924295425415
0 Batches done, so generating
torch.Size([1, 9]) torch.Size([1, 1]) before generation
<sos> What shape is the bench seat ?		sails boards cooked crosswalk rainbow narrow Should sex pedestrians outdoors you cleats injured materials rug her umbrella sign control left-handed spice people feel case snowman
500 Batches done, so generating
torch.Size([1, 9]) torch.Size([1, 1]) before generation
<sos> What shape is the bench seat ?		cloudy any coat cold loading scrambled jacket served paying noise rusted thin Indian contain catcher pepperoni rims came They western closet fallen hose represent maker
Aftr epoch  5  Train KL Loss:  0.003185945915021808 Train CE Loss:  7.412943322921266 Val KL Loss:  0.0021949527683513418  Val CE Loss:  7.412664803859503 Time:  360.76004552841187
0 Batches done, so generating
torch.Size([1, 9]) torch.Size([1, 1]) before generation
<sos> What shape is the bench seat ?		shoulder calling checkered novice celebration if attack tires weather spoons outfits sanitary public cops curtain been train kite watching colors chefs Do close cases riders
500 Batches done, so generating
torch.Size([1, 9]) torch.Size([1, 1]) before generation
<sos> What shape is the bench seat ?		Did collar pay produce window exposed it mountainous footprints are baseball large living parked forward taken ambulance certain hurry billboard goggles jelly accept dirt cameras
Aftr epoch  6  Train KL Loss:  0.002385699478899782 Train CE Loss:  7.412854133256309 Val KL Loss:  0.0017303982490614195  Val CE Loss:  7.412580512210834 Time:  356.5807874202728
0 Batches done, so generating
torch.Size([1, 9]) torch.Size([1, 1]) before generation
<sos> What shape is the bench seat ?		switch morning skateboarders hallway easy bat chained kid change function appliances mid decorating apartment apart formally intended sticks watching shorn pony stories photoshopped flush cooks
500 Batches done, so generating
torch.Size([1, 9]) torch.Size([1, 1]) before generation
<sos> What shape is the bench seat ?		celebrating separates residence newer ledge cave decorate riding once make bike approximately concrete sandwich `` altered vegetables surf exhibit tea studio holiday blueberries plaid wintertime
Aftr epoch  7  Train KL Loss:  0.002124258743869534 Train CE Loss:  7.4128290273625135 Val KL Loss:  0.00015590049088553716  Val CE Loss:  7.412626942694494 Time:  281.32604455947876
0 Batches done, so generating
torch.Size([1, 9]) torch.Size([1, 1]) before generation
<sos> What shape is the bench seat ?		bear preparing streets row crazy happy count delivered connected through younger well ear plugged living cleaner stuffed IS several guys holes bit keeping scared altered
500 Batches done, so generating
torch.Size([1, 9]) torch.Size([1, 1]) before generation
<sos> What shape is the bench seat ?		doors cloud our liquid tree `` arches bank Avenue contact brothers presents crowded holding mouths card currently keyboard toothpicks moment cluttered besides pose daytime hitter
Aftr epoch  8  Train KL Loss:  0.001471505290325098 Train CE Loss:  7.4127759074084425 Val KL Loss:  0.0021370616189974345  Val CE Loss:  7.412608769354933 Time:  223.569922208786
0 Batches done, so generating
torch.Size([1, 9]) torch.Size([1, 1]) before generation
<sos> What shape is the bench seat ?		lot bikini sunburn environment say highest peel feeding switch sized meal food there percentage best mug hour arrows falling number eyes sunburn holiday able platter
500 Batches done, so generating
torch.Size([1, 9]) torch.Size([1, 1]) before generation
<sos> What shape is the bench seat ?		afraid spectator Which gum frozen babies lead ducks toothbrushes teenagers wrong exercise meant wild freezer sharp each flags that require recipe ate were image homeless
Aftr epoch  9  Train KL Loss:  0.0015946519546724863 Train CE Loss:  7.412747710175912 Val KL Loss:  0.0008926081915225845  Val CE Loss:  7.412557199244396 Time:  266.1801116466522
0 Batches done, so generating
torch.Size([1, 9]) torch.Size([1, 1]) before generation
<sos> What shape is the bench seat ?		convention uniforms butterflies steak to shelves six lift trays item Any summer okay messy giving areas barefooted garage half people For portrait blanket say harbor
500 Batches done, so generating
torch.Size([1, 9]) torch.Size([1, 1]) before generation
<sos> What shape is the bench seat ?		wooden library notice tell attention boards transport lighting tasty fins inches tablet letters by indicate kite tunnel marked fighter handbag climbing turning mud red performed
Aftr epoch  10  Train KL Loss:  0.0013339885047240802 Train CE Loss:  7.412711471534045 Val KL Loss:  0.0009533049947324177  Val CE Loss:  7.4125531316417375 Time:  263.4626739025116
0 Batches done, so generating
torch.Size([1, 9]) torch.Size([1, 1]) before generation
<sos> What shape is the bench seat ?		need representing law high Britain manufacturer participating she actual air games pin that into pole both Has 15 falls work fenced lower shelf split near
500 Batches done, so generating
torch.Size([1, 9]) torch.Size([1, 1]) before generation
<sos> What shape is the bench seat ?		cubicle rope once St sitting pitcher Where yellow free atop built camping pieces drawing shutters ponytail toppings early east poor of doorway frosted letter say
Aftr epoch  11  Train KL Loss:  0.0013725790132823124 Train CE Loss:  7.412666877683724 Val KL Loss:  0.0008565377440192304  Val CE Loss:  7.41257086890365 Time:  267.5022623538971
0 Batches done, so generating
torch.Size([1, 9]) torch.Size([1, 1]) before generation
<sos> What shape is the bench seat ?		kissing matching pipe plenty emotion cell pink weigh expression been different selfie rose largest potato refrigerator roadway baker markings series boats snowing tent safely tools
500 Batches done, so generating
torch.Size([1, 9]) torch.Size([1, 1]) before generation
<sos> What shape is the bench seat ?		commercial ambulance sprinkles filling barrier thumbs platform staying shortest flash climbing pepper gasoline net need shirt centered label person plugs throw sun dusk dollar conditions
Aftr epoch  12  Train KL Loss:  0.001452727249059078 Train CE Loss:  7.412693031047817 Val KL Loss:  0.002190672989117498  Val CE Loss:  7.412582193663388 Time:  248.930193901062
0 Batches done, so generating
torch.Size([1, 9]) torch.Size([1, 1]) before generation
<sos> What shape is the bench seat ?		itself magazine wire houses elephant table wall hardwood engines washed onion individual stack contest shiny white ok countryside crib than shorter forks pavement cookies name
500 Batches done, so generating
torch.Size([1, 9]) torch.Size([1, 1]) before generation
<sos> What shape is the bench seat ?		lot peaceful convention foods knob paved clocks halves pairs glass green besides catching hit parents perch silverware woman jam feed been sunbathing its staged one
Aftr epoch  13  Train KL Loss:  0.0012114649575230513 Train CE Loss:  7.412666707279508 Val KL Loss:  -0.0009613929951350549  Val CE Loss:  7.412585112142514 Time:  265.97590470314026
0 Batches done, so generating
torch.Size([1, 9]) torch.Size([1, 1]) before generation
<sos> What shape is the bench seat ?		partially domestic staircase President real born providing family smiley starts giraffes roll trunks school jeans clothes their spray slope sit televisions Based taking draped me
500 Batches done, so generating
torch.Size([1, 9]) torch.Size([1, 1]) before generation
<sos> What shape is the bench seat ?		figurine condiments hunting lunch there reflection ceremony briefcase glow film hills birds chickens headgear peppers soda instructions grazing create cloudy bowl license buggy houses today
Aftr epoch  14  Train KL Loss:  0.0010527110860964052 Train CE Loss:  7.412686703993289 Val KL Loss:  0.001385861518577002  Val CE Loss:  7.4125389807256195 Time:  264.42660427093506
0 Batches done, so generating
torch.Size([1, 9]) torch.Size([1, 1]) before generation
<sos> What shape is the bench seat ?		tree loading mustard colored headgear texting slats England buttons pulling About wind public According associated intact primarily There ball bra image smoke loaded sets tournament
500 Batches done, so generating
torch.Size([1, 9]) torch.Size([1, 1]) before generation
<sos> What shape is the bench seat ?		drink table mans shaking balloon musical planning areas bull fencing spinning fold wagon this ceiling fence foods mentioned accessible interior vest hours edited pocket finish
Aftr epoch  15  Train KL Loss:  0.0009521700203971194 Train CE Loss:  7.412707850321683 Val KL Loss:  0.0008665461373255501  Val CE Loss:  7.4125524397122255 Time:  270.4510793685913
0 Batches done, so generating
torch.Size([1, 9]) torch.Size([1, 1]) before generation
<sos> What shape is the bench seat ?		mall down gesture India days middle artistic share : Park compound novice wheels basket doll Western streetlight identical 10 mailbox striped romantic cleats find assume
500 Batches done, so generating
torch.Size([1, 9]) torch.Size([1, 1]) before generation
<sos> What shape is the bench seat ?		look hanging mascot bells rough player thin rims pedestrians on read father flat car his clearly arms alert weather worried n't against mammals jumping itself
Aftr epoch  16  Train KL Loss:  0.0010084833654389936 Train CE Loss:  7.412666385623134 Val KL Loss:  0.00021352734796541725  Val CE Loss:  7.41253286729021 Time:  262.7442169189453
0 Batches done, so generating
torch.Size([1, 9]) torch.Size([1, 1]) before generation
<sos> What shape is the bench seat ?		advertisement effect bike paw hate sheared put falls shaded being edge debris try hands snowed cook photograph heavily European racing cab topped pens car coach
500 Batches done, so generating
torch.Size([1, 9]) torch.Size([1, 1]) before generation
<sos> What shape is the bench seat ?		kick poor balloons fork liquor mane common With doing comp tv racks yield photos talk nest motorized United surrounded around doughnuts makes marking potty roller
Aftr epoch  17  Train KL Loss:  0.0008311213044992559 Train CE Loss:  7.412666194102545 Val KL Loss:  0.002132310803469374  Val CE Loss:  7.41255830711734 Time:  264.39604115486145
0 Batches done, so generating
torch.Size([1, 9]) torch.Size([1, 1]) before generation
<sos> What shape is the bench seat ?		swimsuit protesting busses has bird pickle flag chandelier street beef highway bike mini grassy nail possibly title captivity running footprints school cable glare primarily extra
500 Batches done, so generating
torch.Size([1, 9]) torch.Size([1, 1]) before generation
<sos> What shape is the bench seat ?		by tunnel skiers headband meter shorter riding rails shaking cars gender located pick yarn remodeled spicy green <eos>
Aftr epoch  18  Train KL Loss:  0.0009283864780508526 Train CE Loss:  7.412654375808983 Val KL Loss:  0.0011906703026729312  Val CE Loss:  7.412576222149646 Time:  271.2083327770233
0 Batches done, so generating
torch.Size([1, 9]) torch.Size([1, 1]) before generation
<sos> What shape is the bench seat ?		triangular stack theme foreground back bin mannequins element visiting shoes fur fat passenger hood look necks silverware tarp barrels rubber jet buttons television stools positioned
500 Batches done, so generating
torch.Size([1, 9]) torch.Size([1, 1]) before generation
<sos> What shape is the bench seat ?		surfaces soccer cow surfaces am nuts tucked arms Why jeep costumes are pedestrian light someone halves modes surfer depicted hygiene bit daughter tv air stuck
Aftr epoch  19  Train KL Loss:  0.0008270640144878509 Train CE Loss:  7.412636767209619 Val KL Loss:  0.0007766445927958779  Val CE Loss:  7.4125343847225675 Time:  266.3832166194916
0 Batches done, so generating
torch.Size([1, 9]) torch.Size([1, 1]) before generation
<sos> What shape is the bench seat ?		means trimmed shaded winning month weight leaving means 20 woods necklace there protect rough gloves cave $ burners pole pan leaving pile ladder The touching
500 Batches done, so generating
torch.Size([1, 9]) torch.Size([1, 1]) before generation
<sos> What shape is the bench seat ?		golf Overcast bench day cups bunk peeled shape identify U.S. prepare to exact man riding toast mixer kept weigh steps Do rack still sleeping environment
Aftr epoch  20  Train KL Loss:  0.0007747092219999963 Train CE Loss:  7.412617656401331 Val KL Loss:  0.0009404547305357566  Val CE Loss:  7.41254766004584 Time:  263.2191801071167
